<?xml version="1.0" encoding="UTF-8"?>
<!-- Generated by org.testng.reporters.JUnitReportReporter -->
<testsuite hostname="EGCA1-0091" failures="0" tests="2" name="main.Start" time="55.269" errors="0" timestamp="2022-01-17T22:17:08 EET" skipped="0">
  <testcase classname="main.Start" name="startApplication" time="39.837"/>
  <system-out/>
  <testcase classname="main.Start" name="login" time="15.432"/>
  <system-out/>
</testsuite> <!-- main.Start -->
